<?xml version="1.0" encoding="UTF-8"?>
<!-- Generated by org.testng.reporters.JUnitReportReporter -->
<testsuite hostname="Global-PC" failures="0" tests="1" name="testcaseScript.Runner" time="12.496" errors="0" timestamp="2023-04-19T10:18:21 IST" skipped="0">
  <testcase classname="testcaseScript.Runner" name="main" time="12.496"/>
  <system-out/>
</testsuite> <!-- testcaseScript.Runner -->
