<?xml version="1.0" encoding="UTF-8"?>
<!-- Generated by org.testng.reporters.JUnitReportReporter -->
<testsuite hostname="Global-PC" failures="0" tests="1" name="ReadExcelData.ReadDataInExcel_w_Map" time="1.849" errors="0" timestamp="2023-05-09T12:36:15 IST" skipped="0">
  <testcase classname="ReadExcelData.ReadDataInExcel_w_Map" name="ma" time="1.849"/>
  <system-out/>
</testsuite> <!-- ReadExcelData.ReadDataInExcel_w_Map -->
