<?xml version="1.0" encoding="UTF-8"?>
<!-- Generated by org.testng.reporters.JUnitReportReporter -->
<testsuite hostname="Global-PC" failures="0" tests="2" name="TestCase.VerifyCreatePage" time="135.812" errors="0" timestamp="2023-06-07T10:11:01 IST" skipped="0">
  <testcase classname="TestCase.VerifyCreatePage" name="createLeads" time="33.582"/>
  <system-out/>
  <testcase classname="TestCase.VerifyCreatePage" name="createInvoice" time="102.230"/>
  <system-out/>
</testsuite> <!-- TestCase.VerifyCreatePage -->
