<?xml version="1.0" encoding="UTF-8"?>
<!-- Generated by org.testng.reporters.JUnitReportReporter -->
<testsuite hostname="Global-PC" failures="0" tests="1" name="SelfTesting.ScenarioTesting" time="12.795" errors="0" timestamp="2023-06-01T10:26:53 IST" skipped="0">
  <testcase classname="SelfTesting.ScenarioTesting" name="amazone" time="12.795"/>
  <system-out/>
</testsuite> <!-- SelfTesting.ScenarioTesting -->
